Conversión de STEP a Solid Edge
Fecha: domingo,octubre 15,2023 10:42
Archivo fuente: E:\Documentos\UTrabajo------------\GardeApp\ModelosCad\SolidEdge\GrabCad\arduino-mega-2560-r3-4.snapshot.1\Arduino MEGA 2560 R3.STEP
Autor: Desconocido
Organización: Desconocido
Sistema de origen: SolidWorks 2019

Equipo:
Procesador: AMD Ryzen 5 1600 Six-Core Processor            
Sistema operativo: Windows 8 Professional
Memoria instalada: 15.95 GB

Información del programa
Versión de Parasolid: 30.1.256
Versión de PSBodyShop: 30.1.94
Versión de Step Adapter: 4.0.40
Versión de Solid Edge: 219.00.01.006 x64

Opciones de importación de STEP
Importar cuerpos facetados: Activado
Importar cuerpos revisados: Desactivado
Importar curvas: Activado
Importar sin guardar: Activado
Importar varios cuerpos como archivo de una pieza: Activado
Importar superficies unidas: Activado
Importar sólidos booleanos: Activado
Crear operación base: Activado
Simplificar geometría: Activado
Importar curvas estampadas: Activado
Importar unidad de disco: C:
Importar superficies unidas: Activado
Importar superficies: Activado
Importar vía de acceso de salida: E:\Documentos\UTrabajo------------\GardeApp\ModelosCad\SolidEdge\GrabCad\arduino-mega-2560-r3-4.snapshot.1
Importar con vía de acceso de salida predeterminada habilitada: Activado
Importar vía de acceso: 

Convirtiendo a tipos de datos Parasolid...
Proceso de conversión completado
Tiempo total requerido para convertir y posprocesar:00 : 01 : 23
